# JRE version: Java(TM) SE Runtime Environment (12.0.1+12) (build 12.0.1+12)
# Java VM: Java HotSpot(TM) 64-Bit Server VM (12.0.1+12, mixed mode, sharing, tiered, compressed oops, g1 gc, windows-amd64)
Heap:
 garbage-first heap   total 262144K, used 159522K [0x00000000e0000000, 0x0000000100000000)
  region size 1024K, 137 young (140288K), 13 survivors (13312K)
 Metaspace       used 47104K, capacity 48468K, committed 48640K, reserved 296960K
  class space    used 6303K, capacity 6817K, committed 6912K, reserved 253952K
GC Heap History (8 events):
Event: 1.584 GC heap before
{Heap before GC invocations=0 (full 0):
 garbage-first heap   total 262144K, used 29696K [0x00000000e0000000, 0x0000000100000000)
  region size 1024K, 24 young (24576K), 0 survivors (0K)
 Metaspace       used 3798K, capacity 6644K, committed 6656K, reserved 262144K
  class space    used 496K, capacity 766K, committed 768K, reserved 253952K
}
Event: 1.590 GC heap after
{Heap after GC invocations=1 (full 0):
 garbage-first heap   total 262144K, used 9042K [0x00000000e0000000, 0x0000000100000000)
  region size 1024K, 3 young (3072K), 3 survivors (3072K)
 Metaspace       used 3798K, capacity 6644K, committed 6656K, reserved 262144K
  class space    used 496K, capacity 766K, committed 768K, reserved 253952K
}
Event: 6.717 GC heap before
{Heap before GC invocations=1 (full 0):
 garbage-first heap   total 262144K, used 132946K [0x00000000e0000000, 0x0000000100000000)
  region size 1024K, 126 young (129024K), 3 survivors (3072K)
 Metaspace       used 20506K, capacity 21098K, committed 21248K, reserved 272384K
  class space    used 2872K, capacity 3044K, committed 3072K, reserved 253952K
}
Event: 6.740 GC heap after
{Heap after GC invocations=2 (full 0):
 garbage-first heap   total 262144K, used 18945K [0x00000000e0000000, 0x0000000100000000)
  region size 1024K, 13 young (13312K), 13 survivors (13312K)
 Metaspace       used 20506K, capacity 21098K, committed 21248K, reserved 272384K
  class space    used 2872K, capacity 3044K, committed 3072K, reserved 253952K
}
Event: 12.402 GC heap before
{Heap before GC invocations=3 (full 0):
 garbage-first heap   total 262144K, used 99841K [0x00000000e0000000, 0x0000000100000000)
  region size 1024K, 90 young (92160K), 13 survivors (13312K)
 Metaspace       used 28443K, capacity 29284K, committed 29568K, reserved 280576K
  class space    used 3861K, capacity 4150K, committed 4224K, reserved 253952K
}
Event: 12.427 GC heap after
{Heap after GC invocations=4 (full 0):
 garbage-first heap   total 262144K, used 23859K [0x00000000e0000000, 0x0000000100000000)
  region size 1024K, 6 young (6144K), 6 survivors (6144K)
 Metaspace       used 28443K, capacity 29284K, committed 29568K, reserved 280576K
  class space    used 3861K, capacity 4150K, committed 4224K, reserved 253952K
}
Event: 14.702 GC heap before
{Heap before GC invocations=4 (full 0):
 garbage-first heap   total 262144K, used 106803K [0x00000000e0000000, 0x0000000100000000)
  region size 1024K, 87 young (89088K), 6 survivors (6144K)
 Metaspace       used 34505K, capacity 35438K, committed 35584K, reserved 284672K
  class space    used 4703K, capacity 5028K, committed 5120K, reserved 253952K
}
Event: 14.721 GC heap after
{Heap after GC invocations=5 (full 0):
 garbage-first heap   total 262144K, used 33570K [0x00000000e0000000, 0x0000000100000000)
  region size 1024K, 13 young (13312K), 13 survivors (13312K)
 Metaspace       used 34505K, capacity 35438K, committed 35584K, reserved 284672K
  class space    used 4703K, capacity 5028K, committed 5120K, reserved 253952K
}

